<?xml version="1.0" encoding="UTF-8"?>
<!-- Generated by org.testng.reporters.JUnitXMLReporter -->
<testsuite ignored="0" hostname="DESKTOP-MQJN69E" failures="1" tests="5" name="Surefire test" time="40.364" errors="0" timestamp="2023-05-07T12:52:16 IST">
  <testcase classname="TestNG.CartTest" name="validateProductsCountAddedIntoCart" time="3.542"/>
  <testcase classname="TestNG.HomeTest" name="validateProductAddedSuccessfullyDisplayedForSingleProduct" time="1.45"/>
  <testcase classname="TestNG.HomeTest" name="validateUserIsOnHomePage" time="3.157"/>
  <testcase classname="TestNG.LoginTest" name="loginWithWrongCredentials" time="0.475">
    <failure type="java.lang.AssertionError" message="expected [gdts] but found [asfcs]">
      <![CDATA[java.lang.AssertionError: expected [gdts] but found [asfcs]
at Pages.LoginPage.loginWithWrongCred(LoginPage.java:45)
at TestNG.LoginTest.loginWithWrongCredentials(LoginTest.java:22)
at java.base/java.util.ArrayList.forEach(ArrayList.java:1511)
... Removed 38 stack frames]]>
    </failure>
  </testcase> <!-- loginWithWrongCredentials -->
  <testcase classname="TestNG.PaymentTest" name="selectCorrectCountry" time="5.649"/>
</testsuite> <!-- Surefire test -->
